# JRE version: Java(TM) SE Runtime Environment (8.0_45-b15) (build 1.8.0_45-b15)
# Java VM: Java HotSpot(TM) 64-Bit Server VM (25.45-b02 mixed mode windows-amd64 compressed oops)
Heap:
 PSYoungGen      total 436224K, used 349239K [0x000000066ab00000, 0x0000000693380000, 0x00000007c0000000)
  eden space 354816K, 85% used [0x000000066ab00000,0x000000067d3f76b0,0x0000000680580000)
  from space 81408K, 55% used [0x0000000688900000,0x000000068b5165b8,0x000000068d880000)
  to   space 134656K, 0% used [0x0000000680580000,0x0000000680580000,0x0000000688900000)
 ParOldGen       total 570368K, used 357963K [0x00000003c0000000, 0x00000003e2d00000, 0x000000066ab00000)
  object space 570368K, 62% used [0x00000003c0000000,0x00000003d5d92c98,0x00000003e2d00000)
 Metaspace       used 6474K, capacity 7288K, committed 7552K, reserved 1056768K
  class space    used 614K, capacity 624K, committed 640K, reserved 1048576K
GC Heap History (10 events):
Event: 8.467 GC heap before
{Heap before GC invocations=12 (full 2):
 PSYoungGen      total 385536K, used 357808K [0x000000066ab00000, 0x0000000687880000, 0x00000007c0000000)
  eden space 342528K, 100% used [0x000000066ab00000,0x000000067f980000,0x000000067f980000)
  from space 43008K, 35% used [0x0000000681800000,0x00000006826ec278,0x0000000684200000)
  to   space 55808K, 0% used [0x0000000684200000,0x0000000684200000,0x0000000687880000)
 ParOldGen       total 221696K, used 125239K [0x00000003c0000000, 0x00000003cd880000, 0x000000066ab00000)
  object space 221696K, 56% used [0x00000003c0000000,0x00000003c7a4ddb8,0x00000003cd880000)
 Metaspace       used 6452K, capacity 7288K, committed 7552K, reserved 1056768K
  class space    used 611K, capacity 624K, committed 640K, reserved 1048576K
Event: 8.600 GC heap after
Heap after GC invocations=12 (full 2):
 PSYoungGen      total 396288K, used 55793K [0x000000066ab00000, 0x000000068cb80000, 0x00000007c0000000)
  eden space 340480K, 0% used [0x000000066ab00000,0x000000066ab00000,0x000000067f780000)
  from space 55808K, 99% used [0x0000000684200000,0x000000068787c6c8,0x0000000687880000)
  to   space 76288K, 0% used [0x000000067f780000,0x000000067f780000,0x0000000684200000)
 ParOldGen       total 221696K, used 136623K [0x00000003c0000000, 0x00000003cd880000, 0x000000066ab00000)
  object space 221696K, 61% used [0x00000003c0000000,0x00000003c856bf80,0x00000003cd880000)
 Metaspace       used 6452K, capacity 7288K, committed 7552K, reserved 1056768K
  class space    used 611K, capacity 624K, committed 640K, reserved 1048576K
}
Event: 9.597 GC heap before
{Heap before GC invocations=13 (full 2):
 PSYoungGen      total 396288K, used 396273K [0x000000066ab00000, 0x000000068cb80000, 0x00000007c0000000)
  eden space 340480K, 100% used [0x000000066ab00000,0x000000067f780000,0x000000067f780000)
  from space 55808K, 99% used [0x0000000684200000,0x000000068787c6c8,0x0000000687880000)
  to   space 76288K, 0% used [0x000000067f780000,0x000000067f780000,0x0000000684200000)
 ParOldGen       total 221696K, used 136623K [0x00000003c0000000, 0x00000003cd880000, 0x000000066ab00000)
  object space 221696K, 61% used [0x00000003c0000000,0x00000003c856bf80,0x00000003cd880000)
 Metaspace       used 6462K, capacity 7288K, committed 7552K, reserved 1056768K
  class space    used 611K, capacity 624K, committed 640K, reserved 1048576K
Event: 9.791 GC heap after
Heap after GC invocations=13 (full 2):
 PSYoungGen      total 416768K, used 56270K [0x000000066ab00000, 0x000000068d880000, 0x00000007c0000000)
  eden space 340480K, 0% used [0x000000066ab00000,0x000000066ab00000,0x000000067f780000)
  from space 76288K, 73% used [0x000000067f780000,0x0000000682e73838,0x0000000684200000)
  to   space 81408K, 0% used [0x0000000688900000,0x0000000688900000,0x000000068d880000)
 ParOldGen       total 221696K, used 191530K [0x00000003c0000000, 0x00000003cd880000, 0x000000066ab00000)
  object space 221696K, 86% used [0x00000003c0000000,0x00000003cbb0a938,0x00000003cd880000)
 Metaspace       used 6462K, capacity 7288K, committed 7552K, reserved 1056768K
  class space    used 611K, capacity 624K, committed 640K, reserved 1048576K
}
Event: 9.791 GC heap before
{Heap before GC invocations=14 (full 3):
 PSYoungGen      total 416768K, used 56270K [0x000000066ab00000, 0x000000068d880000, 0x00000007c0000000)
  eden space 340480K, 0% used [0x000000066ab00000,0x000000066ab00000,0x000000067f780000)
  from space 76288K, 73% used [0x000000067f780000,0x0000000682e73838,0x0000000684200000)
  to   space 81408K, 0% used [0x0000000688900000,0x0000000688900000,0x000000068d880000)
 ParOldGen       total 221696K, used 191530K [0x00000003c0000000, 0x00000003cd880000, 0x000000066ab00000)
  object space 221696K, 86% used [0x00000003c0000000,0x00000003cbb0a938,0x00000003cd880000)
 Metaspace       used 6462K, capacity 7288K, committed 7552K, reserved 1056768K
  class space    used 611K, capacity 624K, committed 640K, reserved 1048576K
Event: 11.443 GC heap after
Heap after GC invocations=14 (full 3):
 PSYoungGen      total 416768K, used 22204K [0x000000066ab00000, 0x000000068d880000, 0x00000007c0000000)
  eden space 340480K, 0% used [0x000000066ab00000,0x000000066ab00000,0x000000067f780000)
  from space 76288K, 29% used [0x000000067f780000,0x0000000680d2f358,0x0000000684200000)
  to   space 81408K, 0% used [0x0000000688900000,0x0000000688900000,0x000000068d880000)
 ParOldGen       total 358400K, used 221210K [0x00000003c0000000, 0x00000003d5e00000, 0x000000066ab00000)
  object space 358400K, 61% used [0x00000003c0000000,0x00000003cd806aa0,0x00000003d5e00000)
 Metaspace       used 6462K, capacity 7288K, committed 7552K, reserved 1056768K
  class space    used 611K, capacity 624K, committed 640K, reserved 1048576K
}
Event: 13.896 GC heap before
{Heap before GC invocations=15 (full 3):
 PSYoungGen      total 416768K, used 362684K [0x000000066ab00000, 0x000000068d880000, 0x00000007c0000000)
  eden space 340480K, 100% used [0x000000066ab00000,0x000000067f780000,0x000000067f780000)
  from space 76288K, 29% used [0x000000067f780000,0x0000000680d2f358,0x0000000684200000)
  to   space 81408K, 0% used [0x0000000688900000,0x0000000688900000,0x000000068d880000)
 ParOldGen       total 358400K, used 221210K [0x00000003c0000000, 0x00000003d5e00000, 0x000000066ab00000)
  object space 358400K, 61% used [0x00000003c0000000,0x00000003cd806aa0,0x00000003d5e00000)
 Metaspace       used 6471K, capacity 7288K, committed 7552K, reserved 1056768K
  class space    used 613K, capacity 624K, committed 640K, reserved 1048576K
Event: 14.189 GC heap after
Heap after GC invocations=15 (full 3):
 PSYoungGen      total 436224K, used 81388K [0x000000066ab00000, 0x0000000693380000, 0x00000007c0000000)
  eden space 354816K, 0% used [0x000000066ab00000,0x000000066ab00000,0x0000000680580000)
  from space 81408K, 99% used [0x0000000688900000,0x000000068d87b010,0x000000068d880000)
  to   space 134656K, 0% used [0x0000000680580000,0x0000000680580000,0x0000000688900000)
 ParOldGen       total 358400K, used 329697K [0x00000003c0000000, 0x00000003d5e00000, 0x000000066ab00000)
  object space 358400K, 91% used [0x00000003c0000000,0x00000003d41f8688,0x00000003d5e00000)
 Metaspace       used 6471K, capacity 7288K, committed 7552K, reserved 1056768K
  class space    used 613K, capacity 624K, committed 640K, reserved 1048576K
}
Event: 14.189 GC heap before
{Heap before GC invocations=16 (full 4):
 PSYoungGen      total 436224K, used 81388K [0x000000066ab00000, 0x0000000693380000, 0x00000007c0000000)
  eden space 354816K, 0% used [0x000000066ab00000,0x000000066ab00000,0x0000000680580000)
  from space 81408K, 99% used [0x0000000688900000,0x000000068d87b010,0x000000068d880000)
  to   space 134656K, 0% used [0x0000000680580000,0x0000000680580000,0x0000000688900000)
 ParOldGen       total 358400K, used 329697K [0x00000003c0000000, 0x00000003d5e00000, 0x000000066ab00000)
  object space 358400K, 91% used [0x00000003c0000000,0x00000003d41f8688,0x00000003d5e00000)
 Metaspace       used 6471K, capacity 7288K, committed 7552K, reserved 1056768K
  class space    used 613K, capacity 624K, committed 640K, reserved 1048576K
Event: 17.273 GC heap after
Heap after GC invocations=16 (full 4):
 PSYoungGen      total 436224K, used 45145K [0x000000066ab00000, 0x0000000693380000, 0x00000007c0000000)
  eden space 354816K, 0% used [0x000000066ab00000,0x000000066ab00000,0x0000000680580000)
  from space 81408K, 55% used [0x0000000688900000,0x000000068b5165b8,0x000000068d880000)
  to   space 134656K, 0% used [0x0000000680580000,0x0000000680580000,0x0000000688900000)
 ParOldGen       total 570368K, used 357963K [0x00000003c0000000, 0x00000003e2d00000, 0x000000066ab00000)
  object space 570368K, 62% used [0x00000003c0000000,0x00000003d5d92c98,0x00000003e2d00000)
 Metaspace       used 6471K, capacity 7288K, committed 7552K, reserved 1056768K
  class space    used 613K, capacity 624K, committed 640K, reserved 1048576K
}

