# JRE version: Java(TM) SE Runtime Environment (8.0_45-b15) (build 1.8.0_45-b15)
# Java VM: Java HotSpot(TM) 64-Bit Server VM (25.45-b02 mixed mode windows-amd64 compressed oops)
Heap:
 PSYoungGen      total 823808K, used 346719K [0x0000000715580000, 0x000000075be80000, 0x00000007c0000000)
  eden space 555008K, 62% used [0x0000000715580000,0x000000072a817fc8,0x0000000737380000)
  from space 268800K, 0% used [0x0000000748b80000,0x0000000748b80000,0x0000000759200000)
  to   space 286720K, 0% used [0x0000000737380000,0x0000000737380000,0x0000000748b80000)
 ParOldGen       total 539136K, used 539111K [0x00000005c0000000, 0x00000005e0e80000, 0x0000000715580000)
  object space 539136K, 99% used [0x00000005c0000000,0x00000005e0e79cb0,0x00000005e0e80000)
 Metaspace       used 6589K, capacity 7384K, committed 7680K, reserved 1056768K
  class space    used 618K, capacity 656K, committed 768K, reserved 1048576K
GC Heap History (10 events):
Event: 21.473 GC heap before
{Heap before GC invocations=23 (full 5):
 PSYoungGen      total 823808K, used 196846K [0x0000000715580000, 0x000000075be80000, 0x00000007c0000000)
  eden space 555008K, 0% used [0x0000000715580000,0x0000000715580000,0x0000000737380000)
  from space 268800K, 73% used [0x0000000748b80000,0x0000000754bbb8d0,0x0000000759200000)
  to   space 286720K, 0% used [0x0000000737380000,0x0000000737380000,0x0000000748b80000)
 ParOldGen       total 539136K, used 538774K [0x00000005c0000000, 0x00000005e0e80000, 0x0000000715580000)
  object space 539136K, 99% used [0x00000005c0000000,0x00000005e0e25b28,0x00000005e0e80000)
 Metaspace       used 6501K, capacity 7288K, committed 7552K, reserved 1056768K
  class space    used 614K, capacity 624K, committed 640K, reserved 1048576K
Event: 24.908 GC heap after
Heap after GC invocations=23 (full 5):
 PSYoungGen      total 823808K, used 27559K [0x0000000715580000, 0x000000075be80000, 0x00000007c0000000)
  eden space 555008K, 0% used [0x0000000715580000,0x0000000715580000,0x0000000737380000)
  from space 268800K, 10% used [0x0000000748b80000,0x000000074a669f08,0x0000000759200000)
  to   space 286720K, 0% used [0x0000000737380000,0x0000000737380000,0x0000000748b80000)
 ParOldGen       total 539136K, used 539025K [0x00000005c0000000, 0x00000005e0e80000, 0x0000000715580000)
  object space 539136K, 99% used [0x00000005c0000000,0x00000005e0e64430,0x00000005e0e80000)
 Metaspace       used 6501K, capacity 7288K, committed 7552K, reserved 1056768K
  class space    used 614K, capacity 624K, committed 640K, reserved 1048576K
}
Event: 25.683 GC heap before
{Heap before GC invocations=24 (full 6):
 PSYoungGen      total 823808K, used 582567K [0x0000000715580000, 0x000000075be80000, 0x00000007c0000000)
  eden space 555008K, 100% used [0x0000000715580000,0x0000000737380000,0x0000000737380000)
  from space 268800K, 10% used [0x0000000748b80000,0x000000074a669f08,0x0000000759200000)
  to   space 286720K, 0% used [0x0000000737380000,0x0000000737380000,0x0000000748b80000)
 ParOldGen       total 539136K, used 539025K [0x00000005c0000000, 0x00000005e0e80000, 0x0000000715580000)
  object space 539136K, 99% used [0x00000005c0000000,0x00000005e0e64430,0x00000005e0e80000)
 Metaspace       used 6503K, capacity 7288K, committed 7552K, reserved 1056768K
  class space    used 614K, capacity 624K, committed 640K, reserved 1048576K
Event: 28.843 GC heap after
Heap after GC invocations=24 (full 6):
 PSYoungGen      total 823808K, used 117840K [0x0000000715580000, 0x000000075be80000, 0x00000007c0000000)
  eden space 555008K, 21% used [0x0000000715580000,0x000000071c894080,0x0000000737380000)
  from space 268800K, 0% used [0x0000000748b80000,0x0000000748b80000,0x0000000759200000)
  to   space 286720K, 0% used [0x0000000737380000,0x0000000737380000,0x0000000748b80000)
 ParOldGen       total 539136K, used 539126K [0x00000005c0000000, 0x00000005e0e80000, 0x0000000715580000)
  object space 539136K, 99% used [0x00000005c0000000,0x00000005e0e7d858,0x00000005e0e80000)
 Metaspace       used 6503K, capacity 7288K, committed 7552K, reserved 1056768K
  class space    used 614K, capacity 624K, committed 640K, reserved 1048576K
}
Event: 29.671 GC heap before
{Heap before GC invocations=25 (full 7):
 PSYoungGen      total 823808K, used 555008K [0x0000000715580000, 0x000000075be80000, 0x00000007c0000000)
  eden space 555008K, 100% used [0x0000000715580000,0x0000000737380000,0x0000000737380000)
  from space 268800K, 0% used [0x0000000748b80000,0x0000000748b80000,0x0000000759200000)
  to   space 286720K, 0% used [0x0000000737380000,0x0000000737380000,0x0000000748b80000)
 ParOldGen       total 539136K, used 539126K [0x00000005c0000000, 0x00000005e0e80000, 0x0000000715580000)
  object space 539136K, 99% used [0x00000005c0000000,0x00000005e0e7d858,0x00000005e0e80000)
 Metaspace       used 6505K, capacity 7288K, committed 7552K, reserved 1056768K
  class space    used 614K, capacity 624K, committed 640K, reserved 1048576K
Event: 33.154 GC heap after
Heap after GC invocations=25 (full 7):
 PSYoungGen      total 823808K, used 181243K [0x0000000715580000, 0x000000075be80000, 0x00000007c0000000)
  eden space 555008K, 32% used [0x0000000715580000,0x000000072067efc0,0x0000000737380000)
  from space 268800K, 0% used [0x0000000748b80000,0x0000000748b80000,0x0000000759200000)
  to   space 286720K, 0% used [0x0000000737380000,0x0000000737380000,0x0000000748b80000)
 ParOldGen       total 539136K, used 538743K [0x00000005c0000000, 0x00000005e0e80000, 0x0000000715580000)
  object space 539136K, 99% used [0x00000005c0000000,0x00000005e0e1de18,0x00000005e0e80000)
 Metaspace       used 6505K, capacity 7288K, committed 7552K, reserved 1056768K
  class space    used 614K, capacity 624K, committed 640K, reserved 1048576K
}
Event: 34.252 GC heap before
{Heap before GC invocations=26 (full 8):
 PSYoungGen      total 823808K, used 555008K [0x0000000715580000, 0x000000075be80000, 0x00000007c0000000)
  eden space 555008K, 100% used [0x0000000715580000,0x0000000737380000,0x0000000737380000)
  from space 268800K, 0% used [0x0000000748b80000,0x0000000748b80000,0x0000000759200000)
  to   space 286720K, 0% used [0x0000000737380000,0x0000000737380000,0x0000000748b80000)
 ParOldGen       total 539136K, used 538743K [0x00000005c0000000, 0x00000005e0e80000, 0x0000000715580000)
  object space 539136K, 99% used [0x00000005c0000000,0x00000005e0e1de18,0x00000005e0e80000)
 Metaspace       used 6505K, capacity 7288K, committed 7552K, reserved 1056768K
  class space    used 614K, capacity 624K, committed 640K, reserved 1048576K
Event: 38.645 GC heap after
Heap after GC invocations=26 (full 8):
 PSYoungGen      total 823808K, used 237612K [0x0000000715580000, 0x000000075be80000, 0x00000007c0000000)
  eden space 555008K, 42% used [0x0000000715580000,0x0000000723d8b148,0x0000000737380000)
  from space 268800K, 0% used [0x0000000748b80000,0x0000000748b80000,0x0000000759200000)
  to   space 286720K, 0% used [0x0000000737380000,0x0000000737380000,0x0000000748b80000)
 ParOldGen       total 539136K, used 539118K [0x00000005c0000000, 0x00000005e0e80000, 0x0000000715580000)
  object space 539136K, 99% used [0x00000005c0000000,0x00000005e0e7b950,0x00000005e0e80000)
 Metaspace       used 6505K, capacity 7288K, committed 7552K, reserved 1056768K
  class space    used 614K, capacity 624K, committed 640K, reserved 1048576K
}
Event: 40.164 GC heap before
{Heap before GC invocations=27 (full 9):
 PSYoungGen      total 823808K, used 555008K [0x0000000715580000, 0x000000075be80000, 0x00000007c0000000)
  eden space 555008K, 100% used [0x0000000715580000,0x0000000737380000,0x0000000737380000)
  from space 268800K, 0% used [0x0000000748b80000,0x0000000748b80000,0x0000000759200000)
  to   space 286720K, 0% used [0x0000000737380000,0x0000000737380000,0x0000000748b80000)
 ParOldGen       total 539136K, used 539118K [0x00000005c0000000, 0x00000005e0e80000, 0x0000000715580000)
  object space 539136K, 99% used [0x00000005c0000000,0x00000005e0e7b950,0x00000005e0e80000)
 Metaspace       used 6508K, capacity 7288K, committed 7552K, reserved 1056768K
  class space    used 614K, capacity 624K, committed 640K, reserved 1048576K
Event: 43.665 GC heap after
Heap after GC invocations=27 (full 9):
 PSYoungGen      total 823808K, used 287985K [0x0000000715580000, 0x000000075be80000, 0x00000007c0000000)
  eden space 555008K, 51% used [0x0000000715580000,0x0000000726ebc748,0x0000000737380000)
  from space 268800K, 0% used [0x0000000748b80000,0x0000000748b80000,0x0000000759200000)
  to   space 286720K, 0% used [0x0000000737380000,0x0000000737380000,0x0000000748b80000)
 ParOldGen       total 539136K, used 539111K [0x00000005c0000000, 0x00000005e0e80000, 0x0000000715580000)
  object space 539136K, 99% used [0x00000005c0000000,0x00000005e0e79cb0,0x00000005e0e80000)
 Metaspace       used 6508K, capacity 7288K, committed 7552K, reserved 1056768K
  class space    used 614K, capacity 624K, committed 640K, reserved 1048576K
}

