# JRE version: Java(TM) SE Runtime Environment (8.0_77-b03) (build 1.8.0_77-b03)
# Java VM: Java HotSpot(TM) 64-Bit Server VM (25.77-b03 mixed mode windows-amd64 compressed oops)
Heap:
 PSYoungGen      total 208896K, used 50601K [0x00000000eab00000, 0x00000000fef80000, 0x0000000100000000)
  eden space 180224K, 14% used [0x00000000eab00000,0x00000000ec541660,0x00000000f5b00000)
  from space 28672K, 82% used [0x00000000f5b00000,0x00000000f7228fa0,0x00000000f7700000)
  to   space 32768K, 0% used [0x00000000fcf80000,0x00000000fcf80000,0x00000000fef80000)
 ParOldGen       total 68608K, used 68456K [0x00000000c0000000, 0x00000000c4300000, 0x00000000eab00000)
  object space 68608K, 99% used [0x00000000c0000000,0x00000000c42da1a0,0x00000000c4300000)
 Metaspace       used 6510K, capacity 7256K, committed 7424K, reserved 1056768K
  class space    used 621K, capacity 656K, committed 768K, reserved 1048576K
GC Heap History (10 events):
Event: 17.402 GC heap before
{Heap before GC invocations=9 (full 0):
 PSYoungGen      total 132096K, used 132089K [0x00000000eab00000, 0x00000000f4400000, 0x0000000100000000)
  eden space 118272K, 100% used [0x00000000eab00000,0x00000000f1e80000,0x00000000f1e80000)
  from space 13824K, 99% used [0x00000000f2f80000,0x00000000f3cfe648,0x00000000f3d00000)
  to   space 17408K, 0% used [0x00000000f1e80000,0x00000000f1e80000,0x00000000f2f80000)
 ParOldGen       total 40960K, used 27085K [0x00000000c0000000, 0x00000000c2800000, 0x00000000eab00000)
  object space 40960K, 66% used [0x00000000c0000000,0x00000000c1a73690,0x00000000c2800000)
 Metaspace       used 6485K, capacity 7256K, committed 7424K, reserved 1056768K
  class space    used 620K, capacity 656K, committed 768K, reserved 1048576K
Event: 17.469 GC heap after
Heap after GC invocations=9 (full 0):
 PSYoungGen      total 135680K, used 17395K [0x00000000eab00000, 0x00000000f9300000, 0x0000000100000000)
  eden space 118272K, 0% used [0x00000000eab00000,0x00000000eab00000,0x00000000f1e80000)
  from space 17408K, 99% used [0x00000000f1e80000,0x00000000f2f7cc48,0x00000000f2f80000)
  to   space 24064K, 0% used [0x00000000f7b80000,0x00000000f7b80000,0x00000000f9300000)
 ParOldGen       total 40960K, used 37831K [0x00000000c0000000, 0x00000000c2800000, 0x00000000eab00000)
  object space 40960K, 92% used [0x00000000c0000000,0x00000000c24f1ff0,0x00000000c2800000)
 Metaspace       used 6485K, capacity 7256K, committed 7424K, reserved 1056768K
  class space    used 620K, capacity 656K, committed 768K, reserved 1048576K
}
Event: 17.469 GC heap before
{Heap before GC invocations=10 (full 1):
 PSYoungGen      total 135680K, used 17395K [0x00000000eab00000, 0x00000000f9300000, 0x0000000100000000)
  eden space 118272K, 0% used [0x00000000eab00000,0x00000000eab00000,0x00000000f1e80000)
  from space 17408K, 99% used [0x00000000f1e80000,0x00000000f2f7cc48,0x00000000f2f80000)
  to   space 24064K, 0% used [0x00000000f7b80000,0x00000000f7b80000,0x00000000f9300000)
 ParOldGen       total 40960K, used 37831K [0x00000000c0000000, 0x00000000c2800000, 0x00000000eab00000)
  object space 40960K, 92% used [0x00000000c0000000,0x00000000c24f1ff0,0x00000000c2800000)
 Metaspace       used 6485K, capacity 7256K, committed 7424K, reserved 1056768K
  class space    used 620K, capacity 656K, committed 768K, reserved 1048576K
Event: 17.778 GC heap after
Heap after GC invocations=10 (full 1):
 PSYoungGen      total 135680K, used 8652K [0x00000000eab00000, 0x00000000f9300000, 0x0000000100000000)
  eden space 118272K, 0% used [0x00000000eab00000,0x00000000eab00000,0x00000000f1e80000)
  from space 17408K, 49% used [0x00000000f1e80000,0x00000000f26f33e8,0x00000000f2f80000)
  to   space 24064K, 0% used [0x00000000f7b80000,0x00000000f7b80000,0x00000000f9300000)
 ParOldGen       total 68608K, used 40842K [0x00000000c0000000, 0x00000000c4300000, 0x00000000eab00000)
  object space 68608K, 59% used [0x00000000c0000000,0x00000000c27e2b90,0x00000000c4300000)
 Metaspace       used 6485K, capacity 7256K, committed 7424K, reserved 1056768K
  class space    used 620K, capacity 656K, committed 768K, reserved 1048576K
}
Event: 19.964 GC heap before
{Heap before GC invocations=11 (full 1):
 PSYoungGen      total 135680K, used 126924K [0x00000000eab00000, 0x00000000f9300000, 0x0000000100000000)
  eden space 118272K, 100% used [0x00000000eab00000,0x00000000f1e80000,0x00000000f1e80000)
  from space 17408K, 49% used [0x00000000f1e80000,0x00000000f26f33e8,0x00000000f2f80000)
  to   space 24064K, 0% used [0x00000000f7b80000,0x00000000f7b80000,0x00000000f9300000)
 ParOldGen       total 68608K, used 40842K [0x00000000c0000000, 0x00000000c4300000, 0x00000000eab00000)
  object space 68608K, 59% used [0x00000000c0000000,0x00000000c27e2b90,0x00000000c4300000)
 Metaspace       used 6503K, capacity 7256K, committed 7424K, reserved 1056768K
  class space    used 621K, capacity 656K, committed 768K, reserved 1048576K
Event: 20.022 GC heap after
Heap after GC invocations=11 (full 1):
 PSYoungGen      total 202240K, used 24039K [0x00000000eab00000, 0x00000000f9300000, 0x0000000100000000)
  eden space 178176K, 0% used [0x00000000eab00000,0x00000000eab00000,0x00000000f5900000)
  from space 24064K, 99% used [0x00000000f7b80000,0x00000000f92f9f78,0x00000000f9300000)
  to   space 28672K, 0% used [0x00000000f5b00000,0x00000000f5b00000,0x00000000f7700000)
 ParOldGen       total 68608K, used 43663K [0x00000000c0000000, 0x00000000c4300000, 0x00000000eab00000)
  object space 68608K, 63% used [0x00000000c0000000,0x00000000c2aa3e20,0x00000000c4300000)
 Metaspace       used 6503K, capacity 7256K, committed 7424K, reserved 1056768K
  class space    used 621K, capacity 656K, committed 768K, reserved 1048576K
}
Event: 21.114 GC heap before
{Heap before GC invocations=12 (full 1):
 PSYoungGen      total 202240K, used 202215K [0x00000000eab00000, 0x00000000f9300000, 0x0000000100000000)
  eden space 178176K, 100% used [0x00000000eab00000,0x00000000f5900000,0x00000000f5900000)
  from space 24064K, 99% used [0x00000000f7b80000,0x00000000f92f9f78,0x00000000f9300000)
  to   space 28672K, 0% used [0x00000000f5b00000,0x00000000f5b00000,0x00000000f7700000)
 ParOldGen       total 68608K, used 43663K [0x00000000c0000000, 0x00000000c4300000, 0x00000000eab00000)
  object space 68608K, 63% used [0x00000000c0000000,0x00000000c2aa3e20,0x00000000c4300000)
 Metaspace       used 6510K, capacity 7256K, committed 7424K, reserved 1056768K
  class space    used 621K, capacity 656K, committed 768K, reserved 1048576K
Event: 21.180 GC heap after
Heap after GC invocations=12 (full 1):
 PSYoungGen      total 208896K, used 26981K [0x00000000eab00000, 0x00000000fef80000, 0x0000000100000000)
  eden space 180224K, 0% used [0x00000000eab00000,0x00000000eab00000,0x00000000f5b00000)
  from space 28672K, 94% used [0x00000000f5b00000,0x00000000f75595f8,0x00000000f7700000)
  to   space 32768K, 0% used [0x00000000fcf80000,0x00000000fcf80000,0x00000000fef80000)
 ParOldGen       total 68608K, used 67134K [0x00000000c0000000, 0x00000000c4300000, 0x00000000eab00000)
  object space 68608K, 97% used [0x00000000c0000000,0x00000000c418f9e8,0x00000000c4300000)
 Metaspace       used 6510K, capacity 7256K, committed 7424K, reserved 1056768K
  class space    used 621K, capacity 656K, committed 768K, reserved 1048576K
}
Event: 21.180 GC heap before
{Heap before GC invocations=13 (full 2):
 PSYoungGen      total 208896K, used 26981K [0x00000000eab00000, 0x00000000fef80000, 0x0000000100000000)
  eden space 180224K, 0% used [0x00000000eab00000,0x00000000eab00000,0x00000000f5b00000)
  from space 28672K, 94% used [0x00000000f5b00000,0x00000000f75595f8,0x00000000f7700000)
  to   space 32768K, 0% used [0x00000000fcf80000,0x00000000fcf80000,0x00000000fef80000)
 ParOldGen       total 68608K, used 67134K [0x00000000c0000000, 0x00000000c4300000, 0x00000000eab00000)
  object space 68608K, 97% used [0x00000000c0000000,0x00000000c418f9e8,0x00000000c4300000)
 Metaspace       used 6510K, capacity 7256K, committed 7424K, reserved 1056768K
  class space    used 621K, capacity 656K, committed 768K, reserved 1048576K
Event: 21.858 GC heap after
Heap after GC invocations=13 (full 2):
 PSYoungGen      total 208896K, used 23715K [0x00000000eab00000, 0x00000000fef80000, 0x0000000100000000)
  eden space 180224K, 0% used [0x00000000eab00000,0x00000000eab00000,0x00000000f5b00000)
  from space 28672K, 82% used [0x00000000f5b00000,0x00000000f7228fa0,0x00000000f7700000)
  to   space 32768K, 0% used [0x00000000fcf80000,0x00000000fcf80000,0x00000000fef80000)
 ParOldGen       total 68608K, used 68456K [0x00000000c0000000, 0x00000000c4300000, 0x00000000eab00000)
  object space 68608K, 99% used [0x00000000c0000000,0x00000000c42da1a0,0x00000000c4300000)
 Metaspace       used 6510K, capacity 7256K, committed 7424K, reserved 1056768K
  class space    used 621K, capacity 656K, committed 768K, reserved 1048576K
}

