# JRE version: Java(TM) SE Runtime Environment (8.0_45-b15) (build 1.8.0_45-b15)
# Java VM: Java HotSpot(TM) 64-Bit Server VM (25.45-b02 mixed mode windows-amd64 compressed oops)
Heap:
 PSYoungGen      total 778240K, used 493568K [0x0000000715580000, 0x000000075dd00000, 0x00000007c0000000)
  eden space 493568K, 100% used [0x0000000715580000,0x0000000733780000,0x0000000733780000)
  from space 284672K, 0% used [0x0000000733780000,0x0000000733780000,0x0000000744d80000)
  to   space 302080K, 0% used [0x000000074b600000,0x000000074b600000,0x000000075dd00000)
 ParOldGen       total 621568K, used 615495K [0x00000005c0000000, 0x00000005e5f00000, 0x0000000715580000)
  object space 621568K, 99% used [0x00000005c0000000,0x00000005e5911fc8,0x00000005e5f00000)
 Metaspace       used 6504K, capacity 7288K, committed 7552K, reserved 1056768K
  class space    used 614K, capacity 624K, committed 640K, reserved 1048576K
GC Heap History (10 events):
Event: 22.334 GC heap before
{Heap before GC invocations=20 (full 4):
 PSYoungGen      total 616448K, used 459692K [0x0000000715580000, 0x000000074c400000, 0x00000007c0000000)
  eden space 389120K, 100% used [0x0000000715580000,0x000000072d180000,0x000000072d180000)
  from space 227328K, 31% used [0x000000072d180000,0x000000073166b3f0,0x000000073af80000)
  to   space 214016K, 0% used [0x000000073f300000,0x000000073f300000,0x000000074c400000)
 ParOldGen       total 621568K, used 461323K [0x00000005c0000000, 0x00000005e5f00000, 0x0000000715580000)
  object space 621568K, 74% used [0x00000005c0000000,0x00000005dc282e58,0x00000005e5f00000)
 Metaspace       used 6490K, capacity 7288K, committed 7552K, reserved 1056768K
  class space    used 614K, capacity 624K, committed 640K, reserved 1048576K
Event: 22.568 GC heap after
Heap after GC invocations=20 (full 4):
 PSYoungGen      total 681472K, used 125213K [0x0000000715580000, 0x000000074ce00000, 0x00000007c0000000)
  eden space 467456K, 0% used [0x0000000715580000,0x0000000715580000,0x0000000731e00000)
  from space 214016K, 58% used [0x000000073f300000,0x0000000746d477e0,0x000000074c400000)
  to   space 218112K, 0% used [0x0000000731e00000,0x0000000731e00000,0x000000073f300000)
 ParOldGen       total 621568K, used 461331K [0x00000005c0000000, 0x00000005e5f00000, 0x0000000715580000)
  object space 621568K, 74% used [0x00000005c0000000,0x00000005dc284e58,0x00000005e5f00000)
 Metaspace       used 6490K, capacity 7288K, committed 7552K, reserved 1056768K
  class space    used 614K, capacity 624K, committed 640K, reserved 1048576K
}
Event: 23.634 GC heap before
{Heap before GC invocations=21 (full 4):
 PSYoungGen      total 681472K, used 592669K [0x0000000715580000, 0x000000074ce00000, 0x00000007c0000000)
  eden space 467456K, 100% used [0x0000000715580000,0x0000000731e00000,0x0000000731e00000)
  from space 214016K, 58% used [0x000000073f300000,0x0000000746d477e0,0x000000074c400000)
  to   space 218112K, 0% used [0x0000000731e00000,0x0000000731e00000,0x000000073f300000)
 ParOldGen       total 621568K, used 461331K [0x00000005c0000000, 0x00000005e5f00000, 0x0000000715580000)
  object space 621568K, 74% used [0x00000005c0000000,0x00000005dc284e58,0x00000005e5f00000)
 Metaspace       used 6498K, capacity 7288K, committed 7552K, reserved 1056768K
  class space    used 614K, capacity 624K, committed 640K, reserved 1048576K
Event: 23.876 GC heap after
Heap after GC invocations=21 (full 4):
 PSYoungGen      total 685568K, used 185738K [0x0000000715580000, 0x0000000753a80000, 0x00000007c0000000)
  eden space 467456K, 0% used [0x0000000715580000,0x0000000715580000,0x0000000731e00000)
  from space 218112K, 85% used [0x0000000731e00000,0x000000073d362a88,0x000000073f300000)
  to   space 242688K, 0% used [0x0000000744d80000,0x0000000744d80000,0x0000000753a80000)
 ParOldGen       total 621568K, used 461339K [0x00000005c0000000, 0x00000005e5f00000, 0x0000000715580000)
  object space 621568K, 74% used [0x00000005c0000000,0x00000005dc286e58,0x00000005e5f00000)
 Metaspace       used 6498K, capacity 7288K, committed 7552K, reserved 1056768K
  class space    used 614K, capacity 624K, committed 640K, reserved 1048576K
}
Event: 24.918 GC heap before
{Heap before GC invocations=22 (full 4):
 PSYoungGen      total 685568K, used 653194K [0x0000000715580000, 0x0000000753a80000, 0x00000007c0000000)
  eden space 467456K, 100% used [0x0000000715580000,0x0000000731e00000,0x0000000731e00000)
  from space 218112K, 85% used [0x0000000731e00000,0x000000073d362a88,0x000000073f300000)
  to   space 242688K, 0% used [0x0000000744d80000,0x0000000744d80000,0x0000000753a80000)
 ParOldGen       total 621568K, used 461339K [0x00000005c0000000, 0x00000005e5f00000, 0x0000000715580000)
  object space 621568K, 74% used [0x00000005c0000000,0x00000005dc286e58,0x00000005e5f00000)
 Metaspace       used 6499K, capacity 7288K, committed 7552K, reserved 1056768K
  class space    used 614K, capacity 624K, committed 640K, reserved 1048576K
Event: 25.451 GC heap after
Heap after GC invocations=22 (full 4):
 PSYoungGen      total 736256K, used 242680K [0x0000000715580000, 0x0000000759580000, 0x00000007c0000000)
  eden space 493568K, 0% used [0x0000000715580000,0x0000000715580000,0x0000000733780000)
  from space 242688K, 99% used [0x0000000744d80000,0x0000000753a7e3e0,0x0000000753a80000)
  to   space 284672K, 0% used [0x0000000733780000,0x0000000733780000,0x0000000744d80000)
 ParOldGen       total 621568K, used 466015K [0x00000005c0000000, 0x00000005e5f00000, 0x0000000715580000)
  object space 621568K, 74% used [0x00000005c0000000,0x00000005dc717de8,0x00000005e5f00000)
 Metaspace       used 6499K, capacity 7288K, committed 7552K, reserved 1056768K
  class space    used 614K, capacity 624K, committed 640K, reserved 1048576K
}
Event: 26.453 GC heap before
{Heap before GC invocations=23 (full 4):
 PSYoungGen      total 736256K, used 736248K [0x0000000715580000, 0x0000000759580000, 0x00000007c0000000)
  eden space 493568K, 100% used [0x0000000715580000,0x0000000733780000,0x0000000733780000)
  from space 242688K, 99% used [0x0000000744d80000,0x0000000753a7e3e0,0x0000000753a80000)
  to   space 284672K, 0% used [0x0000000733780000,0x0000000733780000,0x0000000744d80000)
 ParOldGen       total 621568K, used 466015K [0x00000005c0000000, 0x00000005e5f00000, 0x0000000715580000)
  object space 621568K, 74% used [0x00000005c0000000,0x00000005dc717de8,0x00000005e5f00000)
 Metaspace       used 6500K, capacity 7288K, committed 7552K, reserved 1056768K
  class space    used 614K, capacity 624K, committed 640K, reserved 1048576K
Event: 27.051 GC heap after
Heap after GC invocations=23 (full 4):
 PSYoungGen      total 778240K, used 202614K [0x0000000715580000, 0x000000075dd00000, 0x00000007c0000000)
  eden space 493568K, 0% used [0x0000000715580000,0x0000000715580000,0x0000000733780000)
  from space 284672K, 71% used [0x0000000733780000,0x000000073fd5da58,0x0000000744d80000)
  to   space 302080K, 0% used [0x000000074b600000,0x000000074b600000,0x000000075dd00000)
 ParOldGen       total 621568K, used 586494K [0x00000005c0000000, 0x00000005e5f00000, 0x0000000715580000)
  object space 621568K, 94% used [0x00000005c0000000,0x00000005e3cbf9b0,0x00000005e5f00000)
 Metaspace       used 6500K, capacity 7288K, committed 7552K, reserved 1056768K
  class space    used 614K, capacity 624K, committed 640K, reserved 1048576K
}
Event: 27.051 GC heap before
{Heap before GC invocations=24 (full 5):
 PSYoungGen      total 778240K, used 202614K [0x0000000715580000, 0x000000075dd00000, 0x00000007c0000000)
  eden space 493568K, 0% used [0x0000000715580000,0x0000000715580000,0x0000000733780000)
  from space 284672K, 71% used [0x0000000733780000,0x000000073fd5da58,0x0000000744d80000)
  to   space 302080K, 0% used [0x000000074b600000,0x000000074b600000,0x000000075dd00000)
 ParOldGen       total 621568K, used 586494K [0x00000005c0000000, 0x00000005e5f00000, 0x0000000715580000)
  object space 621568K, 94% used [0x00000005c0000000,0x00000005e3cbf9b0,0x00000005e5f00000)
 Metaspace       used 6500K, capacity 7288K, committed 7552K, reserved 1056768K
  class space    used 614K, capacity 624K, committed 640K, reserved 1048576K
Event: 29.305 GC heap after
Heap after GC invocations=24 (full 5):
 PSYoungGen      total 778240K, used 0K [0x0000000715580000, 0x000000075dd00000, 0x00000007c0000000)
  eden space 493568K, 0% used [0x0000000715580000,0x0000000715580000,0x0000000733780000)
  from space 284672K, 0% used [0x0000000733780000,0x0000000733780000,0x0000000744d80000)
  to   space 302080K, 0% used [0x000000074b600000,0x000000074b600000,0x000000075dd00000)
 ParOldGen       total 621568K, used 615495K [0x00000005c0000000, 0x00000005e5f00000, 0x0000000715580000)
  object space 621568K, 99% used [0x00000005c0000000,0x00000005e5911fc8,0x00000005e5f00000)
 Metaspace       used 6500K, capacity 7288K, committed 7552K, reserved 1056768K
  class space    used 614K, capacity 624K, committed 640K, reserved 1048576K
}

