# JRE version: Java(TM) SE Runtime Environment (8.0_45-b15) (build 1.8.0_45-b15)
# Java VM: Java HotSpot(TM) 64-Bit Server VM (25.45-b02 mixed mode windows-amd64 compressed oops)
Heap:
 PSYoungGen      total 626688K, used 391680K [0x000000076ab00000, 0x00000007adf00000, 0x00000007c0000000)
  eden space 391680K, 100% used [0x000000076ab00000,0x0000000782980000,0x0000000782980000)
  from space 235008K, 0% used [0x0000000782980000,0x0000000782980000,0x0000000790f00000)
  to   space 323584K, 0% used [0x000000079a300000,0x000000079a300000,0x00000007adf00000)
 ParOldGen       total 665088K, used 636726K [0x00000006c0000000, 0x00000006e8980000, 0x000000076ab00000)
  object space 665088K, 95% used [0x00000006c0000000,0x00000006e6dcda40,0x00000006e8980000)
 Metaspace       used 6507K, capacity 7288K, committed 7552K, reserved 1056768K
  class space    used 614K, capacity 624K, committed 640K, reserved 1048576K
GC Heap History (10 events):
Event: 17.806 GC heap after
Heap after GC invocations=25 (full 5):
 PSYoungGen      total 600064K, used 187229K [0x000000076ab00000, 0x00000007a1500000, 0x00000007c0000000)
  eden space 391680K, 0% used [0x000000076ab00000,0x000000076ab00000,0x0000000782980000)
  from space 208384K, 89% used [0x0000000790f00000,0x000000079c5d7468,0x000000079da80000)
  to   space 235008K, 0% used [0x0000000782980000,0x0000000782980000,0x0000000790f00000)
 ParOldGen       total 665088K, used 406986K [0x00000006c0000000, 0x00000006e8980000, 0x000000076ab00000)
  object space 665088K, 61% used [0x00000006c0000000,0x00000006d8d72928,0x00000006e8980000)
 Metaspace       used 6501K, capacity 7288K, committed 7552K, reserved 1056768K
  class space    used 614K, capacity 624K, committed 640K, reserved 1048576K
}
Event: 19.129 GC heap before
{Heap before GC invocations=26 (full 5):
 PSYoungGen      total 600064K, used 578909K [0x000000076ab00000, 0x00000007a1500000, 0x00000007c0000000)
  eden space 391680K, 100% used [0x000000076ab00000,0x0000000782980000,0x0000000782980000)
  from space 208384K, 89% used [0x0000000790f00000,0x000000079c5d7468,0x000000079da80000)
  to   space 235008K, 0% used [0x0000000782980000,0x0000000782980000,0x0000000790f00000)
 ParOldGen       total 665088K, used 406986K [0x00000006c0000000, 0x00000006e8980000, 0x000000076ab00000)
  object space 665088K, 61% used [0x00000006c0000000,0x00000006d8d72928,0x00000006e8980000)
 Metaspace       used 6502K, capacity 7288K, committed 7552K, reserved 1056768K
  class space    used 614K, capacity 624K, committed 640K, reserved 1048576K
Event: 19.409 GC heap after
Heap after GC invocations=26 (full 5):
 PSYoungGen      total 626688K, used 234976K [0x000000076ab00000, 0x00000007a1500000, 0x00000007c0000000)
  eden space 391680K, 0% used [0x000000076ab00000,0x000000076ab00000,0x0000000782980000)
  from space 235008K, 99% used [0x0000000782980000,0x0000000790ef82b8,0x0000000790f00000)
  to   space 208384K, 0% used [0x0000000790f00000,0x0000000790f00000,0x000000079da80000)
 ParOldGen       total 665088K, used 411290K [0x00000006c0000000, 0x00000006e8980000, 0x000000076ab00000)
  object space 665088K, 61% used [0x00000006c0000000,0x00000006d91a6938,0x00000006e8980000)
 Metaspace       used 6502K, capacity 7288K, committed 7552K, reserved 1056768K
  class space    used 614K, capacity 624K, committed 640K, reserved 1048576K
}
Event: 19.936 GC heap before
{Heap before GC invocations=27 (full 5):
 PSYoungGen      total 626688K, used 626656K [0x000000076ab00000, 0x00000007a1500000, 0x00000007c0000000)
  eden space 391680K, 100% used [0x000000076ab00000,0x0000000782980000,0x0000000782980000)
  from space 235008K, 99% used [0x0000000782980000,0x0000000790ef82b8,0x0000000790f00000)
  to   space 208384K, 0% used [0x0000000790f00000,0x0000000790f00000,0x000000079da80000)
 ParOldGen       total 665088K, used 411290K [0x00000006c0000000, 0x00000006e8980000, 0x000000076ab00000)
  object space 665088K, 61% used [0x00000006c0000000,0x00000006d91a6938,0x00000006e8980000)
 Metaspace       used 6503K, capacity 7288K, committed 7552K, reserved 1056768K
  class space    used 614K, capacity 624K, committed 640K, reserved 1048576K
Event: 20.262 GC heap after
Heap after GC invocations=27 (full 5):
 PSYoungGen      total 600064K, used 208382K [0x000000076ab00000, 0x00000007a1500000, 0x00000007c0000000)
  eden space 391680K, 0% used [0x000000076ab00000,0x000000076ab00000,0x0000000782980000)
  from space 208384K, 99% used [0x0000000790f00000,0x000000079da7f838,0x000000079da80000)
  to   space 235008K, 0% used [0x0000000782980000,0x0000000782980000,0x0000000790f00000)
 ParOldGen       total 665088K, used 494309K [0x00000006c0000000, 0x00000006e8980000, 0x000000076ab00000)
  object space 665088K, 74% used [0x00000006c0000000,0x00000006de2b94f0,0x00000006e8980000)
 Metaspace       used 6503K, capacity 7288K, committed 7552K, reserved 1056768K
  class space    used 614K, capacity 624K, committed 640K, reserved 1048576K
}
Event: 22.266 GC heap before
{Heap before GC invocations=28 (full 5):
 PSYoungGen      total 600064K, used 600062K [0x000000076ab00000, 0x00000007a1500000, 0x00000007c0000000)
  eden space 391680K, 100% used [0x000000076ab00000,0x0000000782980000,0x0000000782980000)
  from space 208384K, 99% used [0x0000000790f00000,0x000000079da7f838,0x000000079da80000)
  to   space 235008K, 0% used [0x0000000782980000,0x0000000782980000,0x0000000790f00000)
 ParOldGen       total 665088K, used 494309K [0x00000006c0000000, 0x00000006e8980000, 0x000000076ab00000)
  object space 665088K, 74% used [0x00000006c0000000,0x00000006de2b94f0,0x00000006e8980000)
 Metaspace       used 6503K, capacity 7288K, committed 7552K, reserved 1056768K
  class space    used 614K, capacity 624K, committed 640K, reserved 1048576K
Event: 22.577 GC heap after
Heap after GC invocations=28 (full 5):
 PSYoungGen      total 626688K, used 172793K [0x000000076ab00000, 0x00000007adf00000, 0x00000007c0000000)
  eden space 391680K, 0% used [0x000000076ab00000,0x000000076ab00000,0x0000000782980000)
  from space 235008K, 73% used [0x0000000782980000,0x000000078d23e588,0x0000000790f00000)
  to   space 323584K, 0% used [0x000000079a300000,0x000000079a300000,0x00000007adf00000)
 ParOldGen       total 665088K, used 594053K [0x00000006c0000000, 0x00000006e8980000, 0x000000076ab00000)
  object space 665088K, 89% used [0x00000006c0000000,0x00000006e4421788,0x00000006e8980000)
 Metaspace       used 6503K, capacity 7288K, committed 7552K, reserved 1056768K
  class space    used 614K, capacity 624K, committed 640K, reserved 1048576K
}
Event: 22.577 GC heap before
{Heap before GC invocations=29 (full 6):
 PSYoungGen      total 626688K, used 172793K [0x000000076ab00000, 0x00000007adf00000, 0x00000007c0000000)
  eden space 391680K, 0% used [0x000000076ab00000,0x000000076ab00000,0x0000000782980000)
  from space 235008K, 73% used [0x0000000782980000,0x000000078d23e588,0x0000000790f00000)
  to   space 323584K, 0% used [0x000000079a300000,0x000000079a300000,0x00000007adf00000)
 ParOldGen       total 665088K, used 594053K [0x00000006c0000000, 0x00000006e8980000, 0x000000076ab00000)
  object space 665088K, 89% used [0x00000006c0000000,0x00000006e4421788,0x00000006e8980000)
 Metaspace       used 6503K, capacity 7288K, committed 7552K, reserved 1056768K
  class space    used 614K, capacity 624K, committed 640K, reserved 1048576K
Event: 24.114 GC heap after
Heap after GC invocations=29 (full 6):
 PSYoungGen      total 626688K, used 0K [0x000000076ab00000, 0x00000007adf00000, 0x00000007c0000000)
  eden space 391680K, 0% used [0x000000076ab00000,0x000000076ab00000,0x0000000782980000)
  from space 235008K, 0% used [0x0000000782980000,0x0000000782980000,0x0000000790f00000)
  to   space 323584K, 0% used [0x000000079a300000,0x000000079a300000,0x00000007adf00000)
 ParOldGen       total 665088K, used 636726K [0x00000006c0000000, 0x00000006e8980000, 0x000000076ab00000)
  object space 665088K, 95% used [0x00000006c0000000,0x00000006e6dcda40,0x00000006e8980000)
 Metaspace       used 6503K, capacity 7288K, committed 7552K, reserved 1056768K
  class space    used 614K, capacity 624K, committed 640K, reserved 1048576K
}
Event: 25.739 GC heap before
{Heap before GC invocations=30 (full 7):
 PSYoungGen      total 626688K, used 391680K [0x000000076ab00000, 0x00000007adf00000, 0x00000007c0000000)
  eden space 391680K, 100% used [0x000000076ab00000,0x0000000782980000,0x0000000782980000)
  from space 235008K, 0% used [0x0000000782980000,0x0000000782980000,0x0000000790f00000)
  to   space 323584K, 0% used [0x000000079a300000,0x000000079a300000,0x00000007adf00000)
 ParOldGen       total 665088K, used 636726K [0x00000006c0000000, 0x00000006e8980000, 0x000000076ab00000)
  object space 665088K, 95% used [0x00000006c0000000,0x00000006e6dcda40,0x00000006e8980000)
 Metaspace       used 6507K, capacity 7288K, committed 7552K, reserved 1056768K
  class space    used 614K, capacity 624K, committed 640K, reserved 1048576K

