# JRE version: Java(TM) SE Runtime Environment (8.0_77-b03) (build 1.8.0_77-b03)
# Java VM: Java HotSpot(TM) 64-Bit Server VM (25.77-b03 mixed mode windows-amd64 compressed oops)
Heap:
 PSYoungGen      total 232960K, used 104958K [0x00000000eab00000, 0x0000000100000000, 0x0000000100000000)
  eden space 116736K, 89% used [0x00000000eab00000,0x00000000f117f908,0x00000000f1d00000)
  from space 116224K, 0% used [0x00000000f1d00000,0x00000000f1d00000,0x00000000f8e80000)
  to   space 116224K, 0% used [0x00000000f8e80000,0x00000000f8e80000,0x0000000100000000)
 ParOldGen       total 606720K, used 424412K [0x00000000c0000000, 0x00000000e5080000, 0x00000000eab00000)
  object space 606720K, 69% used [0x00000000c0000000,0x00000000d9e77160,0x00000000e5080000)
 Metaspace       used 7037K, capacity 7736K, committed 7936K, reserved 1056768K
  class space    used 644K, capacity 688K, committed 768K, reserved 1048576K
GC Heap History (10 events):
Event: 22.372 GC heap before
{Heap before GC invocations=35 (full 5):
 PSYoungGen      total 231936K, used 178651K [0x00000000eab00000, 0x00000000ff600000, 0x0000000100000000)
  eden space 122880K, 100% used [0x00000000eab00000,0x00000000f2300000,0x00000000f2300000)
  from space 109056K, 51% used [0x00000000f2300000,0x00000000f5976e50,0x00000000f8d80000)
  to   space 107008K, 0% used [0x00000000f8d80000,0x00000000f8d80000,0x00000000ff600000)
 ParOldGen       total 579584K, used 484076K [0x00000000c0000000, 0x00000000e3600000, 0x00000000eab00000)
  object space 579584K, 83% used [0x00000000c0000000,0x00000000dd8bb300,0x00000000e3600000)
 Metaspace       used 6565K, capacity 7320K, committed 7680K, reserved 1056768K
  class space    used 623K, capacity 656K, committed 768K, reserved 1048576K
Event: 22.481 GC heap after
Heap after GC invocations=35 (full 5):
 PSYoungGen      total 225792K, used 77193K [0x00000000eab00000, 0x0000000100000000, 0x0000000100000000)
  eden space 118784K, 0% used [0x00000000eab00000,0x00000000eab00000,0x00000000f1f00000)
  from space 107008K, 72% used [0x00000000f8d80000,0x00000000fd8e2528,0x00000000ff600000)
  to   space 113152K, 0% used [0x00000000f1f00000,0x00000000f1f00000,0x00000000f8d80000)
 ParOldGen       total 579584K, used 484076K [0x00000000c0000000, 0x00000000e3600000, 0x00000000eab00000)
  object space 579584K, 83% used [0x00000000c0000000,0x00000000dd8bb300,0x00000000e3600000)
 Metaspace       used 6565K, capacity 7320K, committed 7680K, reserved 1056768K
  class space    used 623K, capacity 656K, committed 768K, reserved 1048576K
}
Event: 22.764 GC heap before
{Heap before GC invocations=36 (full 5):
 PSYoungGen      total 225792K, used 195977K [0x00000000eab00000, 0x0000000100000000, 0x0000000100000000)
  eden space 118784K, 100% used [0x00000000eab00000,0x00000000f1f00000,0x00000000f1f00000)
  from space 107008K, 72% used [0x00000000f8d80000,0x00000000fd8e2528,0x00000000ff600000)
  to   space 113152K, 0% used [0x00000000f1f00000,0x00000000f1f00000,0x00000000f8d80000)
 ParOldGen       total 579584K, used 484076K [0x00000000c0000000, 0x00000000e3600000, 0x00000000eab00000)
  object space 579584K, 83% used [0x00000000c0000000,0x00000000dd8bb300,0x00000000e3600000)
 Metaspace       used 6565K, capacity 7320K, committed 7680K, reserved 1056768K
  class space    used 623K, capacity 656K, committed 768K, reserved 1048576K
Event: 22.895 GC heap after
Heap after GC invocations=36 (full 5):
 PSYoungGen      total 231936K, used 98100K [0x00000000eab00000, 0x0000000100000000, 0x0000000100000000)
  eden space 118784K, 0% used [0x00000000eab00000,0x00000000eab00000,0x00000000f1f00000)
  from space 113152K, 86% used [0x00000000f1f00000,0x00000000f7ecd210,0x00000000f8d80000)
  to   space 116224K, 0% used [0x00000000f8e80000,0x00000000f8e80000,0x0000000100000000)
 ParOldGen       total 579584K, used 484076K [0x00000000c0000000, 0x00000000e3600000, 0x00000000eab00000)
  object space 579584K, 83% used [0x00000000c0000000,0x00000000dd8bb300,0x00000000e3600000)
 Metaspace       used 6565K, capacity 7320K, committed 7680K, reserved 1056768K
  class space    used 623K, capacity 656K, committed 768K, reserved 1048576K
}
Event: 23.616 GC heap before
{Heap before GC invocations=37 (full 5):
 PSYoungGen      total 231936K, used 216884K [0x00000000eab00000, 0x0000000100000000, 0x0000000100000000)
  eden space 118784K, 100% used [0x00000000eab00000,0x00000000f1f00000,0x00000000f1f00000)
  from space 113152K, 86% used [0x00000000f1f00000,0x00000000f7ecd210,0x00000000f8d80000)
  to   space 116224K, 0% used [0x00000000f8e80000,0x00000000f8e80000,0x0000000100000000)
 ParOldGen       total 579584K, used 484076K [0x00000000c0000000, 0x00000000e3600000, 0x00000000eab00000)
  object space 579584K, 83% used [0x00000000c0000000,0x00000000dd8bb300,0x00000000e3600000)
 Metaspace       used 6682K, capacity 7384K, committed 7680K, reserved 1056768K
  class space    used 629K, capacity 656K, committed 768K, reserved 1048576K
Event: 23.829 GC heap after
Heap after GC invocations=37 (full 5):
 PSYoungGen      total 232960K, used 79212K [0x00000000eab00000, 0x0000000100000000, 0x0000000100000000)
  eden space 116736K, 0% used [0x00000000eab00000,0x00000000eab00000,0x00000000f1d00000)
  from space 116224K, 68% used [0x00000000f8e80000,0x00000000fdbdb388,0x0000000100000000)
  to   space 116224K, 0% used [0x00000000f1d00000,0x00000000f1d00000,0x00000000f8e80000)
 ParOldGen       total 579584K, used 520284K [0x00000000c0000000, 0x00000000e3600000, 0x00000000eab00000)
  object space 579584K, 89% used [0x00000000c0000000,0x00000000dfc172c0,0x00000000e3600000)
 Metaspace       used 6682K, capacity 7384K, committed 7680K, reserved 1056768K
  class space    used 629K, capacity 656K, committed 768K, reserved 1048576K
}
Event: 28.499 GC heap before
{Heap before GC invocations=38 (full 5):
 PSYoungGen      total 232960K, used 195948K [0x00000000eab00000, 0x0000000100000000, 0x0000000100000000)
  eden space 116736K, 100% used [0x00000000eab00000,0x00000000f1d00000,0x00000000f1d00000)
  from space 116224K, 68% used [0x00000000f8e80000,0x00000000fdbdb388,0x0000000100000000)
  to   space 116224K, 0% used [0x00000000f1d00000,0x00000000f1d00000,0x00000000f8e80000)
 ParOldGen       total 579584K, used 520284K [0x00000000c0000000, 0x00000000e3600000, 0x00000000eab00000)
  object space 579584K, 89% used [0x00000000c0000000,0x00000000dfc172c0,0x00000000e3600000)
 Metaspace       used 6932K, capacity 7608K, committed 7936K, reserved 1056768K
  class space    used 642K, capacity 688K, committed 768K, reserved 1048576K
Event: 31.547 GC heap after
Heap after GC invocations=38 (full 5):
 PSYoungGen      total 232960K, used 68764K [0x00000000eab00000, 0x0000000100000000, 0x0000000100000000)
  eden space 116736K, 0% used [0x00000000eab00000,0x00000000eab00000,0x00000000f1d00000)
  from space 116224K, 59% used [0x00000000f1d00000,0x00000000f60273e8,0x00000000f8e80000)
  to   space 116224K, 0% used [0x00000000f8e80000,0x00000000f8e80000,0x0000000100000000)
 ParOldGen       total 579584K, used 541040K [0x00000000c0000000, 0x00000000e3600000, 0x00000000eab00000)
  object space 579584K, 93% used [0x00000000c0000000,0x00000000e105c080,0x00000000e3600000)
 Metaspace       used 6932K, capacity 7608K, committed 7936K, reserved 1056768K
  class space    used 642K, capacity 688K, committed 768K, reserved 1048576K
}
Event: 31.547 GC heap before
{Heap before GC invocations=39 (full 6):
 PSYoungGen      total 232960K, used 68764K [0x00000000eab00000, 0x0000000100000000, 0x0000000100000000)
  eden space 116736K, 0% used [0x00000000eab00000,0x00000000eab00000,0x00000000f1d00000)
  from space 116224K, 59% used [0x00000000f1d00000,0x00000000f60273e8,0x00000000f8e80000)
  to   space 116224K, 0% used [0x00000000f8e80000,0x00000000f8e80000,0x0000000100000000)
 ParOldGen       total 579584K, used 541040K [0x00000000c0000000, 0x00000000e3600000, 0x00000000eab00000)
  object space 579584K, 93% used [0x00000000c0000000,0x00000000e105c080,0x00000000e3600000)
 Metaspace       used 6932K, capacity 7608K, committed 7936K, reserved 1056768K
  class space    used 642K, capacity 688K, committed 768K, reserved 1048576K
Event: 53.452 GC heap after
Heap after GC invocations=39 (full 6):
 PSYoungGen      total 232960K, used 0K [0x00000000eab00000, 0x0000000100000000, 0x0000000100000000)
  eden space 116736K, 0% used [0x00000000eab00000,0x00000000eab00000,0x00000000f1d00000)
  from space 116224K, 0% used [0x00000000f1d00000,0x00000000f1d00000,0x00000000f8e80000)
  to   space 116224K, 0% used [0x00000000f8e80000,0x00000000f8e80000,0x0000000100000000)
 ParOldGen       total 606720K, used 424412K [0x00000000c0000000, 0x00000000e5080000, 0x00000000eab00000)
  object space 606720K, 69% used [0x00000000c0000000,0x00000000d9e77160,0x00000000e5080000)
 Metaspace       used 6932K, capacity 7608K, committed 7936K, reserved 1056768K
  class space    used 642K, capacity 688K, committed 768K, reserved 1048576K
}

