# JRE version: Java(TM) SE Runtime Environment (8.0_77-b03) (build 1.8.0_77-b03)
# Java VM: Java HotSpot(TM) 64-Bit Server VM (25.77-b03 mixed mode windows-amd64 compressed oops)
Heap:
 PSYoungGen      total 231424K, used 124782K [0x00000000eab00000, 0x0000000100000000, 0x0000000100000000)
  eden space 115200K, 43% used [0x00000000eab00000,0x00000000edc4dcd0,0x00000000f1b80000)
  from space 116224K, 63% used [0x00000000f1b80000,0x00000000f640dcc8,0x00000000f8d00000)
  to   space 116224K, 0% used [0x00000000f8e80000,0x00000000f8e80000,0x0000000100000000)
 ParOldGen       total 689664K, used 556032K [0x00000000c0000000, 0x00000000ea180000, 0x00000000eab00000)
  object space 689664K, 80% used [0x00000000c0000000,0x00000000e1f00238,0x00000000ea180000)
 Metaspace       used 6598K, capacity 7320K, committed 7680K, reserved 1056768K
  class space    used 625K, capacity 656K, committed 768K, reserved 1048576K
GC Heap History (10 events):
Event: 22.085 GC heap before
{Heap before GC invocations=37 (full 6):
 PSYoungGen      total 232960K, used 70801K [0x00000000eab00000, 0x0000000100000000, 0x0000000100000000)
  eden space 116736K, 0% used [0x00000000eab00000,0x00000000eab00000,0x00000000f1d00000)
  from space 116224K, 60% used [0x00000000f1d00000,0x00000000f62245d8,0x00000000f8e80000)
  to   space 116224K, 0% used [0x00000000f8e80000,0x00000000f8e80000,0x0000000100000000)
 ParOldGen       total 510976K, used 487816K [0x00000000c0000000, 0x00000000df300000, 0x00000000eab00000)
  object space 510976K, 95% used [0x00000000c0000000,0x00000000ddc621d0,0x00000000df300000)
 Metaspace       used 6591K, capacity 7320K, committed 7680K, reserved 1056768K
  class space    used 625K, capacity 656K, committed 768K, reserved 1048576K
Event: 26.113 GC heap after
Heap after GC invocations=37 (full 6):
 PSYoungGen      total 232960K, used 45422K [0x00000000eab00000, 0x0000000100000000, 0x0000000100000000)
  eden space 116736K, 0% used [0x00000000eab00000,0x00000000eab00000,0x00000000f1d00000)
  from space 116224K, 39% used [0x00000000f1d00000,0x00000000f495b8b0,0x00000000f8e80000)
  to   space 116224K, 0% used [0x00000000f8e80000,0x00000000f8e80000,0x0000000100000000)
 ParOldGen       total 689664K, used 510897K [0x00000000c0000000, 0x00000000ea180000, 0x00000000eab00000)
  object space 689664K, 74% used [0x00000000c0000000,0x00000000df2ec7a0,0x00000000ea180000)
 Metaspace       used 6591K, capacity 7320K, committed 7680K, reserved 1056768K
  class space    used 625K, capacity 656K, committed 768K, reserved 1048576K
}
Event: 26.507 GC heap before
{Heap before GC invocations=38 (full 6):
 PSYoungGen      total 232960K, used 162158K [0x00000000eab00000, 0x0000000100000000, 0x0000000100000000)
  eden space 116736K, 100% used [0x00000000eab00000,0x00000000f1d00000,0x00000000f1d00000)
  from space 116224K, 39% used [0x00000000f1d00000,0x00000000f495b8b0,0x00000000f8e80000)
  to   space 116224K, 0% used [0x00000000f8e80000,0x00000000f8e80000,0x0000000100000000)
 ParOldGen       total 689664K, used 510897K [0x00000000c0000000, 0x00000000ea180000, 0x00000000eab00000)
  object space 689664K, 74% used [0x00000000c0000000,0x00000000df2ec7a0,0x00000000ea180000)
 Metaspace       used 6591K, capacity 7320K, committed 7680K, reserved 1056768K
  class space    used 625K, capacity 656K, committed 768K, reserved 1048576K
Event: 26.693 GC heap after
Heap after GC invocations=38 (full 6):
 PSYoungGen      total 232960K, used 48915K [0x00000000eab00000, 0x0000000100000000, 0x0000000100000000)
  eden space 116736K, 0% used [0x00000000eab00000,0x00000000eab00000,0x00000000f1d00000)
  from space 116224K, 42% used [0x00000000f8e80000,0x00000000fbe44e60,0x0000000100000000)
  to   space 116224K, 0% used [0x00000000f1d00000,0x00000000f1d00000,0x00000000f8e80000)
 ParOldGen       total 689664K, used 524482K [0x00000000c0000000, 0x00000000ea180000, 0x00000000eab00000)
  object space 689664K, 76% used [0x00000000c0000000,0x00000000e0030a50,0x00000000ea180000)
 Metaspace       used 6591K, capacity 7320K, committed 7680K, reserved 1056768K
  class space    used 625K, capacity 656K, committed 768K, reserved 1048576K
}
Event: 26.882 GC heap before
{Heap before GC invocations=39 (full 6):
 PSYoungGen      total 232960K, used 165651K [0x00000000eab00000, 0x0000000100000000, 0x0000000100000000)
  eden space 116736K, 100% used [0x00000000eab00000,0x00000000f1d00000,0x00000000f1d00000)
  from space 116224K, 42% used [0x00000000f8e80000,0x00000000fbe44e60,0x0000000100000000)
  to   space 116224K, 0% used [0x00000000f1d00000,0x00000000f1d00000,0x00000000f8e80000)
 ParOldGen       total 689664K, used 524525K [0x00000000c0000000, 0x00000000ea180000, 0x00000000eab00000)
  object space 689664K, 76% used [0x00000000c0000000,0x00000000e003b4a0,0x00000000ea180000)
 Metaspace       used 6591K, capacity 7320K, committed 7680K, reserved 1056768K
  class space    used 625K, capacity 656K, committed 768K, reserved 1048576K
Event: 26.982 GC heap after
Heap after GC invocations=39 (full 6):
 PSYoungGen      total 181760K, used 64982K [0x00000000eab00000, 0x00000000ffd00000, 0x0000000100000000)
  eden space 116736K, 0% used [0x00000000eab00000,0x00000000eab00000,0x00000000f1d00000)
  from space 65024K, 99% used [0x00000000f1d00000,0x00000000f5c759e0,0x00000000f5c80000)
  to   space 114688K, 0% used [0x00000000f8d00000,0x00000000f8d00000,0x00000000ffd00000)
 ParOldGen       total 689664K, used 524525K [0x00000000c0000000, 0x00000000ea180000, 0x00000000eab00000)
  object space 689664K, 76% used [0x00000000c0000000,0x00000000e003b4a0,0x00000000ea180000)
 Metaspace       used 6591K, capacity 7320K, committed 7680K, reserved 1056768K
  class space    used 625K, capacity 656K, committed 768K, reserved 1048576K
}
Event: 27.208 GC heap before
{Heap before GC invocations=40 (full 6):
 PSYoungGen      total 181760K, used 181718K [0x00000000eab00000, 0x00000000ffd00000, 0x0000000100000000)
  eden space 116736K, 100% used [0x00000000eab00000,0x00000000f1d00000,0x00000000f1d00000)
  from space 65024K, 99% used [0x00000000f1d00000,0x00000000f5c759e0,0x00000000f5c80000)
  to   space 114688K, 0% used [0x00000000f8d00000,0x00000000f8d00000,0x00000000ffd00000)
 ParOldGen       total 689664K, used 524526K [0x00000000c0000000, 0x00000000ea180000, 0x00000000eab00000)
  object space 689664K, 76% used [0x00000000c0000000,0x00000000e003bb08,0x00000000ea180000)
 Metaspace       used 6593K, capacity 7320K, committed 7680K, reserved 1056768K
  class space    used 625K, capacity 656K, committed 768K, reserved 1048576K
Event: 27.306 GC heap after
Heap after GC invocations=40 (full 6):
 PSYoungGen      total 229888K, used 87058K [0x00000000eab00000, 0x0000000100000000, 0x0000000100000000)
  eden space 115200K, 0% used [0x00000000eab00000,0x00000000eab00000,0x00000000f1b80000)
  from space 114688K, 75% used [0x00000000f8d00000,0x00000000fe2049e8,0x00000000ffd00000)
  to   space 116224K, 0% used [0x00000000f1b80000,0x00000000f1b80000,0x00000000f8d00000)
 ParOldGen       total 689664K, used 524526K [0x00000000c0000000, 0x00000000ea180000, 0x00000000eab00000)
  object space 689664K, 76% used [0x00000000c0000000,0x00000000e003bb08,0x00000000ea180000)
 Metaspace       used 6593K, capacity 7320K, committed 7680K, reserved 1056768K
  class space    used 625K, capacity 656K, committed 768K, reserved 1048576K
}
Event: 27.551 GC heap before
{Heap before GC invocations=41 (full 6):
 PSYoungGen      total 229888K, used 202258K [0x00000000eab00000, 0x0000000100000000, 0x0000000100000000)
  eden space 115200K, 100% used [0x00000000eab00000,0x00000000f1b80000,0x00000000f1b80000)
  from space 114688K, 75% used [0x00000000f8d00000,0x00000000fe2049e8,0x00000000ffd00000)
  to   space 116224K, 0% used [0x00000000f1b80000,0x00000000f1b80000,0x00000000f8d00000)
 ParOldGen       total 689664K, used 524526K [0x00000000c0000000, 0x00000000ea180000, 0x00000000eab00000)
  object space 689664K, 76% used [0x00000000c0000000,0x00000000e003bb08,0x00000000ea180000)
 Metaspace       used 6598K, capacity 7320K, committed 7680K, reserved 1056768K
  class space    used 625K, capacity 656K, committed 768K, reserved 1048576K
Event: 27.780 GC heap after
Heap after GC invocations=41 (full 6):
 PSYoungGen      total 231424K, used 74295K [0x00000000eab00000, 0x0000000100000000, 0x0000000100000000)
  eden space 115200K, 0% used [0x00000000eab00000,0x00000000eab00000,0x00000000f1b80000)
  from space 116224K, 63% used [0x00000000f1b80000,0x00000000f640dcc8,0x00000000f8d00000)
  to   space 116224K, 0% used [0x00000000f8e80000,0x00000000f8e80000,0x0000000100000000)
 ParOldGen       total 689664K, used 556032K [0x00000000c0000000, 0x00000000ea180000, 0x00000000eab00000)
  object space 689664K, 80% used [0x00000000c0000000,0x00000000e1f00238,0x00000000ea180000)
 Metaspace       used 6598K, capacity 7320K, committed 7680K, reserved 1056768K
  class space    used 625K, capacity 656K, committed 768K, reserved 1048576K
}

