# JRE version: Java(TM) SE Runtime Environment (8.0_45-b15) (build 1.8.0_45-b15)
# Java VM: Java HotSpot(TM) 64-Bit Server VM (25.45-b02 mixed mode windows-amd64 compressed oops)
Heap:
 PSYoungGen      total 474112K, used 87192K [0x0000000715580000, 0x0000000748e80000, 0x00000007c0000000)
  eden space 375296K, 0% used [0x0000000715580000,0x0000000715580000,0x000000072c400000)
  from space 98816K, 88% used [0x0000000737400000,0x000000073c9263a8,0x000000073d480000)
  to   space 180224K, 0% used [0x000000072c400000,0x000000072c400000,0x0000000737400000)
 ParOldGen       total 399872K, used 399340K [0x00000005c0000000, 0x00000005e6700000, 0x0000000715580000)
  object space 399872K, 99% used [0x00000005c0000000,0x00000005d85fb398,0x00000005d8680000)
 Metaspace       used 6469K, capacity 7288K, committed 7552K, reserved 1056768K
  class space    used 614K, capacity 624K, committed 640K, reserved 1048576K
GC Heap History (10 events):
Event: 6.203 GC heap after
Heap after GC invocations=13 (full 2):
 PSYoungGen      total 416768K, used 56316K [0x0000000715580000, 0x0000000738480000, 0x00000007c0000000)
  eden space 341504K, 0% used [0x0000000715580000,0x0000000715580000,0x000000072a300000)
  from space 75264K, 74% used [0x000000072a300000,0x000000072d9ff2b8,0x000000072ec80000)
  to   space 80896K, 0% used [0x0000000733580000,0x0000000733580000,0x0000000738480000)
 ParOldGen       total 222720K, used 192674K [0x00000005c0000000, 0x00000005cd980000, 0x0000000715580000)
  object space 222720K, 86% used [0x00000005c0000000,0x00000005cbc288e8,0x00000005cd980000)
 Metaspace       used 6457K, capacity 7288K, committed 7552K, reserved 1056768K
  class space    used 611K, capacity 624K, committed 640K, reserved 1048576K
}
Event: 6.204 GC heap before
{Heap before GC invocations=14 (full 3):
 PSYoungGen      total 416768K, used 56316K [0x0000000715580000, 0x0000000738480000, 0x00000007c0000000)
  eden space 341504K, 0% used [0x0000000715580000,0x0000000715580000,0x000000072a300000)
  from space 75264K, 74% used [0x000000072a300000,0x000000072d9ff2b8,0x000000072ec80000)
  to   space 80896K, 0% used [0x0000000733580000,0x0000000733580000,0x0000000738480000)
 ParOldGen       total 222720K, used 192674K [0x00000005c0000000, 0x00000005cd980000, 0x0000000715580000)
  object space 222720K, 86% used [0x00000005c0000000,0x00000005cbc288e8,0x00000005cd980000)
 Metaspace       used 6457K, capacity 7288K, committed 7552K, reserved 1056768K
  class space    used 611K, capacity 624K, committed 640K, reserved 1048576K
Event: 7.008 GC heap after
Heap after GC invocations=14 (full 3):
 PSYoungGen      total 416768K, used 21209K [0x0000000715580000, 0x0000000738480000, 0x00000007c0000000)
  eden space 341504K, 0% used [0x0000000715580000,0x0000000715580000,0x000000072a300000)
  from space 75264K, 28% used [0x000000072a300000,0x000000072b7b6458,0x000000072ec80000)
  to   space 80896K, 0% used [0x0000000733580000,0x0000000733580000,0x0000000738480000)
 ParOldGen       total 360448K, used 222405K [0x00000005c0000000, 0x00000005d6000000, 0x0000000715580000)
  object space 360448K, 61% used [0x00000005c0000000,0x00000005cd931698,0x00000005d6000000)
 Metaspace       used 6457K, capacity 7288K, committed 7552K, reserved 1056768K
  class space    used 611K, capacity 624K, committed 640K, reserved 1048576K
}
Event: 9.057 GC heap before
{Heap before GC invocations=15 (full 3):
 PSYoungGen      total 416768K, used 362713K [0x0000000715580000, 0x0000000738480000, 0x00000007c0000000)
  eden space 341504K, 100% used [0x0000000715580000,0x000000072a300000,0x000000072a300000)
  from space 75264K, 28% used [0x000000072a300000,0x000000072b7b6458,0x000000072ec80000)
  to   space 80896K, 0% used [0x0000000733580000,0x0000000733580000,0x0000000738480000)
 ParOldGen       total 360448K, used 222405K [0x00000005c0000000, 0x00000005d6000000, 0x0000000715580000)
  object space 360448K, 61% used [0x00000005c0000000,0x00000005cd931698,0x00000005d6000000)
 Metaspace       used 6467K, capacity 7288K, committed 7552K, reserved 1056768K
  class space    used 613K, capacity 624K, committed 640K, reserved 1048576K
Event: 9.158 GC heap after
Heap after GC invocations=15 (full 3):
 PSYoungGen      total 477184K, used 76719K [0x0000000715580000, 0x0000000738c80000, 0x00000007c0000000)
  eden space 396288K, 0% used [0x0000000715580000,0x0000000715580000,0x000000072d880000)
  from space 80896K, 94% used [0x0000000733580000,0x000000073806bd78,0x0000000738480000)
  to   space 92160K, 0% used [0x000000072d880000,0x000000072d880000,0x0000000733280000)
 ParOldGen       total 360448K, used 222405K [0x00000005c0000000, 0x00000005d6000000, 0x0000000715580000)
  object space 360448K, 61% used [0x00000005c0000000,0x00000005cd931698,0x00000005d6000000)
 Metaspace       used 6467K, capacity 7288K, committed 7552K, reserved 1056768K
  class space    used 613K, capacity 624K, committed 640K, reserved 1048576K
}
Event: 9.909 GC heap before
{Heap before GC invocations=16 (full 3):
 PSYoungGen      total 477184K, used 473007K [0x0000000715580000, 0x0000000738c80000, 0x00000007c0000000)
  eden space 396288K, 100% used [0x0000000715580000,0x000000072d880000,0x000000072d880000)
  from space 80896K, 94% used [0x0000000733580000,0x000000073806bd78,0x0000000738480000)
  to   space 92160K, 0% used [0x000000072d880000,0x000000072d880000,0x0000000733280000)
 ParOldGen       total 360448K, used 222405K [0x00000005c0000000, 0x00000005d6000000, 0x0000000715580000)
  object space 360448K, 61% used [0x00000005c0000000,0x00000005cd931698,0x00000005d6000000)
 Metaspace       used 6469K, capacity 7288K, committed 7552K, reserved 1056768K
  class space    used 614K, capacity 624K, committed 640K, reserved 1048576K
Event: 9.967 GC heap after
Heap after GC invocations=16 (full 3):
 PSYoungGen      total 488448K, used 69679K [0x0000000715580000, 0x000000073d480000, 0x00000007c0000000)
  eden space 396288K, 0% used [0x0000000715580000,0x0000000715580000,0x000000072d880000)
  from space 92160K, 75% used [0x000000072d880000,0x0000000731c8bfc8,0x0000000733280000)
  to   space 98816K, 0% used [0x0000000737400000,0x0000000737400000,0x000000073d480000)
 ParOldGen       total 360448K, used 222405K [0x00000005c0000000, 0x00000005d6000000, 0x0000000715580000)
  object space 360448K, 61% used [0x00000005c0000000,0x00000005cd931698,0x00000005d6000000)
 Metaspace       used 6469K, capacity 7288K, committed 7552K, reserved 1056768K
  class space    used 614K, capacity 624K, committed 640K, reserved 1048576K
}
Event: 10.417 GC heap before
{Heap before GC invocations=17 (full 3):
 PSYoungGen      total 488448K, used 465967K [0x0000000715580000, 0x000000073d480000, 0x00000007c0000000)
  eden space 396288K, 100% used [0x0000000715580000,0x000000072d880000,0x000000072d880000)
  from space 92160K, 75% used [0x000000072d880000,0x0000000731c8bfc8,0x0000000733280000)
  to   space 98816K, 0% used [0x0000000737400000,0x0000000737400000,0x000000073d480000)
 ParOldGen       total 360448K, used 222405K [0x00000005c0000000, 0x00000005d6000000, 0x0000000715580000)
  object space 360448K, 61% used [0x00000005c0000000,0x00000005cd931698,0x00000005d6000000)
 Metaspace       used 6469K, capacity 7288K, committed 7552K, reserved 1056768K
  class space    used 614K, capacity 624K, committed 640K, reserved 1048576K
Event: 10.659 GC heap after
Heap after GC invocations=17 (full 3):
 PSYoungGen      total 474112K, used 98785K [0x0000000715580000, 0x0000000748e80000, 0x00000007c0000000)
  eden space 375296K, 0% used [0x0000000715580000,0x0000000715580000,0x000000072c400000)
  from space 98816K, 99% used [0x0000000737400000,0x000000073d4786c8,0x000000073d480000)
  to   space 180224K, 0% used [0x000000072c400000,0x000000072c400000,0x0000000737400000)
 ParOldGen       total 399872K, used 399173K [0x00000005c0000000, 0x00000005d8680000, 0x0000000715580000)
  object space 399872K, 99% used [0x00000005c0000000,0x00000005d85d1678,0x00000005d8680000)
 Metaspace       used 6469K, capacity 7288K, committed 7552K, reserved 1056768K
  class space    used 614K, capacity 624K, committed 640K, reserved 1048576K
}
Event: 10.659 GC heap before
{Heap before GC invocations=18 (full 4):
 PSYoungGen      total 474112K, used 98785K [0x0000000715580000, 0x0000000748e80000, 0x00000007c0000000)
  eden space 375296K, 0% used [0x0000000715580000,0x0000000715580000,0x000000072c400000)
  from space 98816K, 99% used [0x0000000737400000,0x000000073d4786c8,0x000000073d480000)
  to   space 180224K, 0% used [0x000000072c400000,0x000000072c400000,0x0000000737400000)
 ParOldGen       total 399872K, used 399173K [0x00000005c0000000, 0x00000005d8680000, 0x0000000715580000)
  object space 399872K, 99% used [0x00000005c0000000,0x00000005d85d1678,0x00000005d8680000)
 Metaspace       used 6469K, capacity 7288K, committed 7552K, reserved 1056768K
  class space    used 614K, capacity 624K, committed 640K, reserved 1048576K

