# JRE version: Java(TM) SE Runtime Environment (8.0_45-b15) (build 1.8.0_45-b15)
# Java VM: Java HotSpot(TM) 64-Bit Server VM (25.45-b02 mixed mode windows-amd64 compressed oops)
Heap:
 PSYoungGen      total 840192K, used 341153K [0x000000076ab00000, 0x00000007b5100000, 0x00000007c0000000)
  eden space 558592K, 10% used [0x000000076ab00000,0x000000076e52fc20,0x000000078cc80000)
  from space 281600K, 99% used [0x00000007a3e00000,0x00000007b50f8870,0x00000007b5100000)
  to   space 242688K, 0% used [0x000000078cc80000,0x000000078cc80000,0x000000079b980000)
 ParOldGen       total 641024K, used 489590K [0x00000006c0000000, 0x00000006e7200000, 0x000000076ab00000)
  object space 641024K, 76% used [0x00000006c0000000,0x00000006dde1d9d8,0x00000006e7200000)
 Metaspace       used 6495K, capacity 7288K, committed 7552K, reserved 1056768K
  class space    used 614K, capacity 624K, committed 640K, reserved 1048576K
GC Heap History (10 events):
Event: 14.701 GC heap before
{Heap before GC invocations=20 (full 5):
 PSYoungGen      total 670720K, used 78497K [0x000000076ab00000, 0x00000007a4a80000, 0x00000007c0000000)
  eden space 450048K, 0% used [0x000000076ab00000,0x000000076ab00000,0x0000000786280000)
  from space 220672K, 35% used [0x0000000786280000,0x000000078af287e0,0x0000000793a00000)
  to   space 207360K, 0% used [0x0000000798000000,0x0000000798000000,0x00000007a4a80000)
 ParOldGen       total 560128K, used 512577K [0x00000006c0000000, 0x00000006e2300000, 0x000000076ab00000)
  object space 560128K, 91% used [0x00000006c0000000,0x00000006df490698,0x00000006e2300000)
 Metaspace       used 6476K, capacity 7288K, committed 7552K, reserved 1056768K
  class space    used 614K, capacity 624K, committed 640K, reserved 1048576K
Event: 15.495 GC heap after
Heap after GC invocations=20 (full 5):
 PSYoungGen      total 670720K, used 0K [0x000000076ab00000, 0x00000007a4a80000, 0x00000007c0000000)
  eden space 450048K, 0% used [0x000000076ab00000,0x000000076ab00000,0x0000000786280000)
  from space 220672K, 0% used [0x0000000786280000,0x0000000786280000,0x0000000793a00000)
  to   space 207360K, 0% used [0x0000000798000000,0x0000000798000000,0x00000007a4a80000)
 ParOldGen       total 641024K, used 381228K [0x00000006c0000000, 0x00000006e7200000, 0x000000076ab00000)
  object space 641024K, 59% used [0x00000006c0000000,0x00000006d744b140,0x00000006e7200000)
 Metaspace       used 6476K, capacity 7288K, committed 7552K, reserved 1056768K
  class space    used 614K, capacity 624K, committed 640K, reserved 1048576K
}
Event: 16.195 GC heap before
{Heap before GC invocations=21 (full 5):
 PSYoungGen      total 670720K, used 450048K [0x000000076ab00000, 0x00000007a4a80000, 0x00000007c0000000)
  eden space 450048K, 100% used [0x000000076ab00000,0x0000000786280000,0x0000000786280000)
  from space 220672K, 0% used [0x0000000786280000,0x0000000786280000,0x0000000793a00000)
  to   space 207360K, 0% used [0x0000000798000000,0x0000000798000000,0x00000007a4a80000)
 ParOldGen       total 641024K, used 381228K [0x00000006c0000000, 0x00000006e7200000, 0x000000076ab00000)
  object space 641024K, 59% used [0x00000006c0000000,0x00000006d744b140,0x00000006e7200000)
 Metaspace       used 6489K, capacity 7288K, committed 7552K, reserved 1056768K
  class space    used 614K, capacity 624K, committed 640K, reserved 1048576K
Event: 16.288 GC heap after
Heap after GC invocations=21 (full 5):
 PSYoungGen      total 701440K, used 68156K [0x000000076ab00000, 0x00000007a2b00000, 0x00000007c0000000)
  eden space 526336K, 0% used [0x000000076ab00000,0x000000076ab00000,0x000000078ad00000)
  from space 175104K, 38% used [0x0000000798000000,0x000000079c28f288,0x00000007a2b00000)
  to   space 195584K, 0% used [0x000000078ad00000,0x000000078ad00000,0x0000000796c00000)
 ParOldGen       total 641024K, used 381228K [0x00000006c0000000, 0x00000006e7200000, 0x000000076ab00000)
  object space 641024K, 59% used [0x00000006c0000000,0x00000006d744b140,0x00000006e7200000)
 Metaspace       used 6489K, capacity 7288K, committed 7552K, reserved 1056768K
  class space    used 614K, capacity 624K, committed 640K, reserved 1048576K
}
Event: 17.079 GC heap before
{Heap before GC invocations=22 (full 5):
 PSYoungGen      total 701440K, used 594492K [0x000000076ab00000, 0x00000007a2b00000, 0x00000007c0000000)
  eden space 526336K, 100% used [0x000000076ab00000,0x000000078ad00000,0x000000078ad00000)
  from space 175104K, 38% used [0x0000000798000000,0x000000079c28f288,0x00000007a2b00000)
  to   space 195584K, 0% used [0x000000078ad00000,0x000000078ad00000,0x0000000796c00000)
 ParOldGen       total 641024K, used 381228K [0x00000006c0000000, 0x00000006e7200000, 0x000000076ab00000)
  object space 641024K, 59% used [0x00000006c0000000,0x00000006d744b140,0x00000006e7200000)
 Metaspace       used 6490K, capacity 7288K, committed 7552K, reserved 1056768K
  class space    used 614K, capacity 624K, committed 640K, reserved 1048576K
Event: 17.266 GC heap after
Heap after GC invocations=22 (full 5):
 PSYoungGen      total 721920K, used 137591K [0x000000076ab00000, 0x00000007a8380000, 0x00000007c0000000)
  eden space 526336K, 0% used [0x000000076ab00000,0x000000076ab00000,0x000000078ad00000)
  from space 195584K, 70% used [0x000000078ad00000,0x000000079335df88,0x0000000796c00000)
  to   space 206848K, 0% used [0x000000079b980000,0x000000079b980000,0x00000007a8380000)
 ParOldGen       total 641024K, used 381228K [0x00000006c0000000, 0x00000006e7200000, 0x000000076ab00000)
  object space 641024K, 59% used [0x00000006c0000000,0x00000006d744b140,0x00000006e7200000)
 Metaspace       used 6490K, capacity 7288K, committed 7552K, reserved 1056768K
  class space    used 614K, capacity 624K, committed 640K, reserved 1048576K
}
Event: 17.990 GC heap before
{Heap before GC invocations=23 (full 5):
 PSYoungGen      total 721920K, used 663927K [0x000000076ab00000, 0x00000007a8380000, 0x00000007c0000000)
  eden space 526336K, 100% used [0x000000076ab00000,0x000000078ad00000,0x000000078ad00000)
  from space 195584K, 70% used [0x000000078ad00000,0x000000079335df88,0x0000000796c00000)
  to   space 206848K, 0% used [0x000000079b980000,0x000000079b980000,0x00000007a8380000)
 ParOldGen       total 641024K, used 381228K [0x00000006c0000000, 0x00000006e7200000, 0x000000076ab00000)
  object space 641024K, 59% used [0x00000006c0000000,0x00000006d744b140,0x00000006e7200000)
 Metaspace       used 6491K, capacity 7288K, committed 7552K, reserved 1056768K
  class space    used 614K, capacity 624K, committed 640K, reserved 1048576K
Event: 18.362 GC heap after
Heap after GC invocations=23 (full 5):
 PSYoungGen      total 765440K, used 206845K [0x000000076ab00000, 0x00000007ada00000, 0x00000007c0000000)
  eden space 558592K, 0% used [0x000000076ab00000,0x000000076ab00000,0x000000078cc80000)
  from space 206848K, 99% used [0x000000079b980000,0x00000007a837f6f0,0x00000007a8380000)
  to   space 242688K, 0% used [0x000000078cc80000,0x000000078cc80000,0x000000079b980000)
 ParOldGen       total 641024K, used 387022K [0x00000006c0000000, 0x00000006e7200000, 0x000000076ab00000)
  object space 641024K, 60% used [0x00000006c0000000,0x00000006d79f3b28,0x00000006e7200000)
 Metaspace       used 6491K, capacity 7288K, committed 7552K, reserved 1056768K
  class space    used 614K, capacity 624K, committed 640K, reserved 1048576K
}
Event: 19.096 GC heap before
{Heap before GC invocations=24 (full 5):
 PSYoungGen      total 765440K, used 765437K [0x000000076ab00000, 0x00000007ada00000, 0x00000007c0000000)
  eden space 558592K, 100% used [0x000000076ab00000,0x000000078cc80000,0x000000078cc80000)
  from space 206848K, 99% used [0x000000079b980000,0x00000007a837f6f0,0x00000007a8380000)
  to   space 242688K, 0% used [0x000000078cc80000,0x000000078cc80000,0x000000079b980000)
 ParOldGen       total 641024K, used 387022K [0x00000006c0000000, 0x00000006e7200000, 0x000000076ab00000)
  object space 641024K, 60% used [0x00000006c0000000,0x00000006d79f3b28,0x00000006e7200000)
 Metaspace       used 6495K, capacity 7288K, committed 7552K, reserved 1056768K
  class space    used 614K, capacity 624K, committed 640K, reserved 1048576K
Event: 19.361 GC heap after
Heap after GC invocations=24 (full 5):
 PSYoungGen      total 801280K, used 239287K [0x000000076ab00000, 0x00000007b5100000, 0x00000007c0000000)
  eden space 558592K, 0% used [0x000000076ab00000,0x000000076ab00000,0x000000078cc80000)
  from space 242688K, 98% used [0x000000078cc80000,0x000000079b62dcb0,0x000000079b980000)
  to   space 281600K, 0% used [0x00000007a3e00000,0x00000007a3e00000,0x00000007b5100000)
 ParOldGen       total 641024K, used 449575K [0x00000006c0000000, 0x00000006e7200000, 0x000000076ab00000)
  object space 641024K, 70% used [0x00000006c0000000,0x00000006db709e38,0x00000006e7200000)
 Metaspace       used 6495K, capacity 7288K, committed 7552K, reserved 1056768K
  class space    used 614K, capacity 624K, committed 640K, reserved 1048576K
}

